-------------------------------------------------------------------------------
Test set: CalculatorTest
-------------------------------------------------------------------------------
Tests run: 5, Failures: 1, Errors: 0, Skipped: 0, Time elapsed: 0.026 s <<< FAILURE! - in CalculatorTest
additionTest(CalculatorTest)  Time elapsed: 0.003 s  <<< FAILURE!
java.lang.AssertionError: expected:<5> but was:<7>
	at CalculatorTest.additionTest(CalculatorTest.java:18)

